<?xml version="1.0" encoding="UTF-8"?>
<!-- Generated by org.testng.reporters.JUnitReportReporter -->
<testsuite hostname="KI54" failures="0" tests="1" name="pagesTestCasesYasasiiWeb.MastersResourceMasterTestCasesYW" time="78.934" errors="0" timestamp="2022-10-28T16:32:35 IST" skipped="0">
  <testcase classname="pagesTestCasesYasasiiWeb.MastersResourceMasterTestCasesYW" name="ResMaster" time="78.934"/>
  <system-out/>
</testsuite> <!-- pagesTestCasesYasasiiWeb.MastersResourceMasterTestCasesYW -->
