<?xml version="1.0" encoding="UTF-8"?>
<!-- Generated by org.testng.reporters.JUnitReportReporter -->
<testsuite hostname="KI54" failures="0" tests="1" name="pagesTestCasesYasasiiWeb.BlockandFreezeTestCasesYW" time="272.682" errors="0" timestamp="2022-11-24T17:38:16 IST" skipped="0">
  <testcase classname="pagesTestCasesYasasiiWeb.BlockandFreezeTestCasesYW" name="OPEMR" time="272.682"/>
  <system-out/>
</testsuite> <!-- pagesTestCasesYasasiiWeb.BlockandFreezeTestCasesYW -->
