<?xml version="1.0" encoding="UTF-8"?>
<!-- Generated by org.testng.reporters.JUnitReportReporter -->
<testsuite hostname="KI54" failures="0" tests="2" name="pagesTestCasesYasasiiWeb.FO_combinationalPAY_Discprice_TestcaseYW" time="264.254" errors="0" timestamp="2022-11-29T12:59:53 IST" skipped="0">
  <testcase classname="pagesTestCasesYasasiiWeb.FO_combinationalPAY_Discprice_TestcaseYW" name="combinePay" time="228.747"/>
  <system-out/>
  <testcase classname="pagesTestCasesYasasiiWeb.FO_combinationalPAY_Discprice_TestcaseYW" name="PAtreg" time="35.507"/>
  <system-out/>
</testsuite> <!-- pagesTestCasesYasasiiWeb.FO_combinationalPAY_Discprice_TestcaseYW -->
