<?xml version="1.0" encoding="UTF-8"?>
<!-- Generated by org.testng.reporters.JUnitReportReporter -->
<testsuite hostname="KI54" failures="0" tests="2" name="pagesTestCasesYasasiiWeb.FO_queueDisplayTestCasesYW" time="167.506" errors="0" timestamp="2022-11-04T16:32:38 IST" skipped="0">
  <testcase classname="pagesTestCasesYasasiiWeb.FO_queueDisplayTestCasesYW" name="queuemaster" time="114.522"/>
  <system-out/>
  <testcase classname="pagesTestCasesYasasiiWeb.FO_queueDisplayTestCasesYW" name="QueueCall" time="52.984"/>
  <system-out/>
</testsuite> <!-- pagesTestCasesYasasiiWeb.FO_queueDisplayTestCasesYW -->
