<?xml version="1.0" encoding="UTF-8"?>
<!-- Generated by org.testng.reporters.JUnitReportReporter -->
<testsuite hostname="KI54" failures="0" tests="1" name="pagesTestCasesYasasiiWeb.FO_EncounterTypes_TestCases_YW" time="117.675" errors="0" timestamp="2022-10-31T15:29:06 IST" skipped="0">
  <testcase classname="pagesTestCasesYasasiiWeb.FO_EncounterTypes_TestCases_YW" name="EncType" time="117.675"/>
  <system-out/>
</testsuite> <!-- pagesTestCasesYasasiiWeb.FO_EncounterTypes_TestCases_YW -->
