<?xml version="1.0" encoding="UTF-8"?>
<!-- Generated by org.testng.reporters.JUnitReportReporter -->
<testsuite hostname="KI54" failures="0" tests="1" name="pagesTestCasesYasasiiWeb.PatientDischarge_TestCasesYW" time="257.456" errors="0" timestamp="2022-11-25T15:40:48 IST" skipped="0">
  <testcase classname="pagesTestCasesYasasiiWeb.PatientDischarge_TestCasesYW" name="patientdischarge1" time="257.456"/>
  <system-out/>
</testsuite> <!-- pagesTestCasesYasasiiWeb.PatientDischarge_TestCasesYW -->
