<?xml version="1.0" encoding="UTF-8"?>
<!-- Generated by org.testng.reporters.JUnitReportReporter -->
<testsuite hostname="KI54" failures="0" tests="1" name="pagesTestCasesYasasiiWeb.SP5_MISReport_AdmissionDischarge_TestCase" time="138.394" errors="0" timestamp="2022-11-24T16:01:08 IST" skipped="0">
  <testcase classname="pagesTestCasesYasasiiWeb.SP5_MISReport_AdmissionDischarge_TestCase" name="ADTreport" time="138.394"/>
  <system-out/>
</testsuite> <!-- pagesTestCasesYasasiiWeb.SP5_MISReport_AdmissionDischarge_TestCase -->
