<?xml version="1.0" encoding="UTF-8"?>
<!-- Generated by org.testng.reporters.JUnitReportReporter -->
<testsuite hostname="KI54" failures="0" tests="1" name="pagesTestCasesYasasiiWeb.WhiteBoard_STAT_TeatcaseYW" time="235.720" errors="0" timestamp="2022-11-14T13:22:30 IST" skipped="0">
  <testcase classname="pagesTestCasesYasasiiWeb.WhiteBoard_STAT_TeatcaseYW" name="Stat" time="235.720"/>
  <system-out/>
</testsuite> <!-- pagesTestCasesYasasiiWeb.WhiteBoard_STAT_TeatcaseYW -->
