<?xml version="1.0" encoding="UTF-8"?>
<!-- Generated by org.testng.reporters.JUnitReportReporter -->
<testsuite hostname="KI54" failures="0" tests="2" name="pagesTestCasesYasasiiWeb.FO_Copay_TestCaseYW" time="181.808" errors="0" timestamp="2022-11-28T17:14:41 IST" skipped="0">
  <testcase classname="pagesTestCasesYasasiiWeb.FO_Copay_TestCaseYW" name="copay" time="37.329"/>
  <system-out/>
  <testcase classname="pagesTestCasesYasasiiWeb.FO_Copay_TestCaseYW" name="Reference" time="144.479"/>
  <system-out/>
</testsuite> <!-- pagesTestCasesYasasiiWeb.FO_Copay_TestCaseYW -->
